# JRE version: OpenJDK Runtime Environment (11.0.5+10) (build 11.0.5+10-post-Ubuntu-0ubuntu1.118.04)
# Java VM: OpenJDK 64-Bit Server VM (11.0.5+10-post-Ubuntu-0ubuntu1.118.04, mixed mode, sharing, tiered, compressed oops, g1 gc, linux-amd64)
Heap:
 garbage-first heap   total 264192K, used 151874K [0x00000000e0000000, 0x0000000100000000)
  region size 1024K, 19 young (19456K), 11 survivors (11264K)
 Metaspace       used 85749K, capacity 89071K, committed 89216K, reserved 331776K
  class space    used 10785K, capacity 11945K, committed 12032K, reserved 253952K
GC Heap History (20 events):
Event: 2968.175 GC heap before
{Heap before GC invocations=23 (full 0):
 garbage-first heap   total 264192K, used 134840K [0x00000000e0000000, 0x0000000100000000)
  region size 1024K, 12 young (12288K), 11 survivors (11264K)
 Metaspace       used 83659K, capacity 86588K, committed 87296K, reserved 329728K
  class space    used 10636K, capacity 11687K, committed 11904K, reserved 253952K
}
Event: 2968.224 GC heap after
{Heap after GC invocations=24 (full 0):
 garbage-first heap   total 264192K, used 123658K [0x00000000e0000000, 0x0000000100000000)
  region size 1024K, 1 young (1024K), 1 survivors (1024K)
 Metaspace       used 83659K, capacity 86588K, committed 87296K, reserved 329728K
  class space    used 10636K, capacity 11687K, committed 11904K, reserved 253952K
}
Event: 2997.992 GC heap before
{Heap before GC invocations=24 (full 0):
 garbage-first heap   total 264192K, used 206602K [0x00000000e0000000, 0x0000000100000000)
  region size 1024K, 82 young (83968K), 1 survivors (1024K)
 Metaspace       used 84445K, capacity 87660K, committed 87808K, reserved 331776K
  class space    used 10710K, capacity 11820K, committed 11904K, reserved 253952K
}
Event: 2998.045 GC heap after
{Heap after GC invocations=25 (full 0):
 garbage-first heap   total 264192K, used 136888K [0x00000000e0000000, 0x0000000100000000)
  region size 1024K, 11 young (11264K), 11 survivors (11264K)
 Metaspace       used 84445K, capacity 87660K, committed 87808K, reserved 331776K
  class space    used 10710K, capacity 11820K, committed 11904K, reserved 253952K
}
Event: 3001.924 GC heap before
{Heap before GC invocations=26 (full 0):
 garbage-first heap   total 264192K, used 208568K [0x00000000e0000000, 0x0000000100000000)
  region size 1024K, 82 young (83968K), 11 survivors (11264K)
 Metaspace       used 84594K, capacity 87720K, committed 88064K, reserved 331776K
  class space    used 10686K, capacity 11756K, committed 11904K, reserved 253952K
}
Event: 3001.998 GC heap after
{Heap after GC invocations=27 (full 0):
 garbage-first heap   total 264192K, used 146953K [0x00000000e0000000, 0x0000000100000000)
  region size 1024K, 10 young (10240K), 10 survivors (10240K)
 Metaspace       used 84594K, capacity 87720K, committed 88064K, reserved 331776K
  class space    used 10686K, capacity 11756K, committed 11904K, reserved 253952K
}
Event: 3002.116 GC heap before
{Heap before GC invocations=27 (full 0):
 garbage-first heap   total 264192K, used 149001K [0x00000000e0000000, 0x0000000100000000)
  region size 1024K, 12 young (12288K), 10 survivors (10240K)
 Metaspace       used 84597K, capacity 87720K, committed 88064K, reserved 331776K
  class space    used 10686K, capacity 11756K, committed 11904K, reserved 253952K
}
Event: 3002.171 GC heap after
{Heap after GC invocations=28 (full 0):
 garbage-first heap   total 264192K, used 128134K [0x00000000e0000000, 0x0000000100000000)
  region size 1024K, 2 young (2048K), 2 survivors (2048K)
 Metaspace       used 84597K, capacity 87720K, committed 88064K, reserved 331776K
  class space    used 10686K, capacity 11756K, committed 11904K, reserved 253952K
}
Event: 3002.553 GC heap before
{Heap before GC invocations=28 (full 0):
 garbage-first heap   total 264192K, used 137350K [0x00000000e0000000, 0x0000000100000000)
  region size 1024K, 12 young (12288K), 2 survivors (2048K)
 Metaspace       used 84610K, capacity 87721K, committed 88064K, reserved 331776K
  class space    used 10686K, capacity 11756K, committed 11904K, reserved 253952K
}
Event: 3002.605 GC heap after
{Heap after GC invocations=29 (full 0):
 garbage-first heap   total 264192K, used 122236K [0x00000000e0000000, 0x0000000100000000)
  region size 1024K, 1 young (1024K), 1 survivors (1024K)
 Metaspace       used 84610K, capacity 87721K, committed 88064K, reserved 331776K
  class space    used 10686K, capacity 11756K, committed 11904K, reserved 253952K
}
Event: 3848.553 GC heap before
{Heap before GC invocations=29 (full 0):
 garbage-first heap   total 264192K, used 199036K [0x00000000e0000000, 0x0000000100000000)
  region size 1024K, 77 young (78848K), 1 survivors (1024K)
 Metaspace       used 85064K, capacity 88356K, committed 88576K, reserved 331776K
  class space    used 10721K, capacity 11817K, committed 11904K, reserved 253952K
}
Event: 3848.900 GC heap after
{Heap after GC invocations=30 (full 0):
 garbage-first heap   total 264192K, used 124549K [0x00000000e0000000, 0x0000000100000000)
  region size 1024K, 3 young (3072K), 3 survivors (3072K)
 Metaspace       used 85064K, capacity 88356K, committed 88576K, reserved 331776K
  class space    used 10721K, capacity 11817K, committed 11904K, reserved 253952K
}
Event: 6315.183 GC heap before
{Heap before GC invocations=31 (full 0):
 garbage-first heap   total 264192K, used 204421K [0x00000000e0000000, 0x0000000100000000)
  region size 1024K, 81 young (82944K), 3 survivors (3072K)
 Metaspace       used 85071K, capacity 88350K, committed 88576K, reserved 331776K
  class space    used 10709K, capacity 11774K, committed 11904K, reserved 253952K
}
Event: 6315.206 GC heap after
{Heap after GC invocations=32 (full 0):
 garbage-first heap   total 264192K, used 124954K [0x00000000e0000000, 0x0000000100000000)
  region size 1024K, 4 young (4096K), 4 survivors (4096K)
 Metaspace       used 85071K, capacity 88350K, committed 88576K, reserved 331776K
  class space    used 10709K, capacity 11774K, committed 11904K, reserved 253952K
}
Event: 6316.090 GC heap before
{Heap before GC invocations=32 (full 0):
 garbage-first heap   total 264192K, used 133146K [0x00000000e0000000, 0x0000000100000000)
  region size 1024K, 12 young (12288K), 4 survivors (4096K)
 Metaspace       used 85118K, capacity 88399K, committed 88576K, reserved 331776K
  class space    used 10719K, capacity 11791K, committed 11904K, reserved 253952K
}
Event: 6316.130 GC heap after
{Heap after GC invocations=33 (full 0):
 garbage-first heap   total 264192K, used 115833K [0x00000000e0000000, 0x0000000100000000)
  region size 1024K, 2 young (2048K), 2 survivors (2048K)
 Metaspace       used 85118K, capacity 88399K, committed 88576K, reserved 331776K
  class space    used 10719K, capacity 11791K, committed 11904K, reserved 253952K
}
Event: 6336.844 GC heap before
{Heap before GC invocations=33 (full 0):
 garbage-first heap   total 264192K, used 202873K [0x00000000e0000000, 0x0000000100000000)
  region size 1024K, 87 young (89088K), 2 survivors (2048K)
 Metaspace       used 85625K, capacity 88983K, committed 89216K, reserved 331776K
  class space    used 10783K, capacity 11941K, committed 12032K, reserved 253952K
}
Event: 6336.892 GC heap after
{Heap after GC invocations=34 (full 0):
 garbage-first heap   total 264192K, used 131768K [0x00000000e0000000, 0x0000000100000000)
  region size 1024K, 11 young (11264K), 11 survivors (11264K)
 Metaspace       used 85625K, capacity 88983K, committed 89216K, reserved 331776K
  class space    used 10783K, capacity 11941K, committed 12032K, reserved 253952K
}
Event: 6339.761 GC heap before
{Heap before GC invocations=34 (full 0):
 garbage-first heap   total 264192K, used 206520K [0x00000000e0000000, 0x0000000100000000)
  region size 1024K, 85 young (87040K), 11 survivors (11264K)
 Metaspace       used 85720K, capacity 89071K, committed 89216K, reserved 331776K
  class space    used 10785K, capacity 11945K, committed 12032K, reserved 253952K
}
Event: 6339.836 GC heap after
{Heap after GC invocations=35 (full 0):
 garbage-first heap   total 264192K, used 144706K [0x00000000e0000000, 0x0000000100000000)
  region size 1024K, 11 young (11264K), 11 survivors (11264K)
 Metaspace       used 85720K, capacity 89071K, committed 89216K, reserved 331776K
  class space    used 10785K, capacity 11945K, committed 12032K, reserved 253952K
}

